<?xml version="1.0" encoding="UTF-8"?>
<testsuite name="co.com.swaglabs.runners.RealizarCompra" tests="0" skipped="0" failures="0" errors="0" timestamp="1970-01-01T00:00:00" hostname="QV-2655" time="0.0">
  <properties/>
  <system-out><![CDATA[
?[33mUndefined scenarios:?[0m
file:///C:/Users/QV-2655/Documents/Qvsion/Semillero_de_Automatización/PruebasWeb/Reto/src/test/resources/features/Comprarproducto.feature:20 # Verificar comprar de un producto

1 Scenarios (?[33m1 undefined?[0m)
3 Steps (?[36m1 skipped?[0m, ?[33m1 undefined?[0m, ?[32m1 passed?[0m)
0m11,604s


You can implement missing steps with the snippets below:

@When("Agrego un producto al carrito y comprarlo")
public void agregoUnProductoAlCarritoYComprarlo(io.cucumber.datatable.DataTable dataTable) {
    // Write code here that turns the phrase above into concrete actions
    // For automatic transformation, change DataTable to one of
    // E, List<E>, List<List<E>>, List<Map<K,V>>, Map<K,V> or
    // Map<K, List<V>>. E,K,V must be a String, Integer, Float,
    // Double, Byte, Short, Long, BigInteger or BigDecimal.
    //
    // For other transformations you can register a DataTableType.
    throw new io.cucumber.java.PendingException();
}

@Then("Se valida la frase {string}")
public void seValidaLaFrase(String string) {
    // Write code here that turns the phrase above into concrete actions
    throw new io.cucumber.java.PendingException();
}


]]></system-out>
  <system-err><![CDATA[SLF4J: Failed to load class "org.slf4j.impl.StaticLoggerBinder".
SLF4J: Defaulting to no-operation (NOP) logger implementation
SLF4J: See http://www.slf4j.org/codes.html#StaticLoggerBinder for further details.
]]></system-err>
</testsuite>
