<?xml version="1.0" encoding="UTF-8"?>
<testsuite name="Comprobar filtro" tests="1" skipped="0" failures="0" errors="0" timestamp="2022-02-10T20:44:30" hostname="QV-2655" time="19.032">
  <properties/>
  <testcase name="Comprobar filtro de mayor a menor" classname="Comprobar filtro" time="19.032"/>
  <system-out><![CDATA[]]></system-out>
  <system-err><![CDATA[Starting ChromeDriver 98.0.4758.80 (7f0488e8ba0d8e019187c6325a16c29d9b7f4989-refs/branch-heads/4758@{#972}) on port 11314
Only local connections are allowed.
Please see https://chromedriver.chromium.org/security-considerations for suggestions on keeping ChromeDriver safe.
ChromeDriver was started successfully.
feb 10, 2022 3:44:35 PM org.openqa.selenium.remote.ProtocolHandshake createSession
INFORMACIÓN: Detected dialect: W3C
]]></system-err>
</testsuite>
